0 info it worked if it ends with ok
1 verbose cli [ '/usr/local/bin/node',
1 verbose cli   '/usr/local/bin/npm',
1 verbose cli   'install',
1 verbose cli   '-g',
1 verbose cli   'ios-deploy' ]
2 info using npm@2.14.3
3 info using node@v4.1.0
4 verbose install initial load of /usr/local/lib/package.json
5 verbose readDependencies loading dependencies from /usr/local/lib/package.json
6 silly cache add args [ 'ios-deploy', null ]
7 verbose cache add spec ios-deploy
8 silly cache add parsed spec Result {
8 silly cache add   raw: 'ios-deploy',
8 silly cache add   scope: null,
8 silly cache add   name: 'ios-deploy',
8 silly cache add   rawSpec: '',
8 silly cache add   spec: '*',
8 silly cache add   type: 'range' }
9 silly addNamed ios-deploy@*
10 verbose addNamed "*" is a valid semver range for ios-deploy
11 silly addNameRange { name: 'ios-deploy', range: '*', hasData: false }
12 silly mapToRegistry name ios-deploy
13 silly mapToRegistry using default registry
14 silly mapToRegistry registry https://registry.npmjs.org/
15 silly mapToRegistry uri https://registry.npmjs.org/ios-deploy
16 verbose addNameRange registry:https://registry.npmjs.org/ios-deploy not in flight; fetching
17 verbose request uri https://registry.npmjs.org/ios-deploy
18 verbose request no auth needed
19 info attempt registry request try #1 at 1:16:41 PM
20 verbose request id 95999e15a295b835
21 http request GET https://registry.npmjs.org/ios-deploy
22 http 200 https://registry.npmjs.org/ios-deploy
23 silly get cb [ 200,
23 silly get   { server: 'CouchDB/1.5.0 (Erlang OTP/R16B03)',
23 silly get     etag: '"BEW881I38BM5U9LQ4MJ64XZRQ"',
23 silly get     'content-type': 'application/json',
23 silly get     'cache-control': 'max-age=300',
23 silly get     'content-length': '32570',
23 silly get     'accept-ranges': 'bytes',
23 silly get     date: 'Thu, 17 Dec 2015 06:16:42 GMT',
23 silly get     via: '1.1 varnish',
23 silly get     age: '0',
23 silly get     connection: 'keep-alive',
23 silly get     'x-served-by': 'cache-hkg6822-HKG',
23 silly get     'x-cache': 'HIT',
23 silly get     'x-cache-hits': '1',
23 silly get     'x-timer': 'S1450333001.783895,VS0,VE223',
23 silly get     vary: 'Accept' } ]
24 verbose get saving ios-deploy to /Users/trongnguyen/.npm/registry.npmjs.org/ios-deploy/.cache.json
25 silly addNameRange number 2 { name: 'ios-deploy', range: '*', hasData: true }
26 silly addNameRange versions [ 'ios-deploy',
26 silly addNameRange   [ '1.0.1',
26 silly addNameRange     '1.0.2',
26 silly addNameRange     '1.0.3',
26 silly addNameRange     '1.0.4',
26 silly addNameRange     '1.0.5',
26 silly addNameRange     '1.0.6',
26 silly addNameRange     '1.0.7',
26 silly addNameRange     '1.0.8',
26 silly addNameRange     '1.0.9',
26 silly addNameRange     '1.1.0',
26 silly addNameRange     '1.2.0',
26 silly addNameRange     '1.3.0',
26 silly addNameRange     '1.3.1',
26 silly addNameRange     '1.3.2',
26 silly addNameRange     '1.4.0',
26 silly addNameRange     '1.5.0',
26 silly addNameRange     '1.6.0',
26 silly addNameRange     '1.6.1',
26 silly addNameRange     '1.6.2',
26 silly addNameRange     '1.6.3',
26 silly addNameRange     '1.7.0',
26 silly addNameRange     '1.8.0',
26 silly addNameRange     '1.8.1',
26 silly addNameRange     '1.8.2',
26 silly addNameRange     '1.8.3' ] ]
27 silly addNamed ios-deploy@1.8.3
28 verbose addNamed "1.8.3" is a plain semver version for ios-deploy
29 silly mapToRegistry name ios-deploy
30 silly mapToRegistry using default registry
31 silly mapToRegistry registry https://registry.npmjs.org/
32 silly mapToRegistry uri https://registry.npmjs.org/ios-deploy
33 verbose addRemoteTarball https://registry.npmjs.org/ios-deploy/-/ios-deploy-1.8.3.tgz not in flight; adding
34 verbose addRemoteTarball [ 'https://registry.npmjs.org/ios-deploy/-/ios-deploy-1.8.3.tgz',
34 verbose addRemoteTarball   'a796354132a65d2f57df1075d64b2d2365c857e4' ]
35 info retry fetch attempt 1 at 1:16:42 PM
36 info attempt registry request try #1 at 1:16:42 PM
37 http fetch GET https://registry.npmjs.org/ios-deploy/-/ios-deploy-1.8.3.tgz
38 http fetch 200 https://registry.npmjs.org/ios-deploy/-/ios-deploy-1.8.3.tgz
39 silly fetchAndShaCheck shasum a796354132a65d2f57df1075d64b2d2365c857e4
40 verbose addTmpTarball /tmp/npm-5295-457a39f3/registry.npmjs.org/ios-deploy/-/ios-deploy-1.8.3.tgz not in flight; adding
41 verbose addTmpTarball already have metadata; skipping unpack for ios-deploy@1.8.3
42 silly cache afterAdd ios-deploy@1.8.3
43 verbose afterAdd /Users/trongnguyen/.npm/ios-deploy/1.8.3/package/package.json not in flight; writing
44 verbose afterAdd /Users/trongnguyen/.npm/ios-deploy/1.8.3/package/package.json written
45 silly install resolved [ { name: 'ios-deploy',
45 silly install resolved     version: '1.8.3',
45 silly install resolved     os: [ 'darwin' ],
45 silly install resolved     description: 'launch iOS apps iOS devices from the command line (Xcode 7)',
45 silly install resolved     main: 'ios-deploy',
45 silly install resolved     scripts:
45 silly install resolved      { preinstall: './src/check_reqs.js && xcodebuild',
45 silly install resolved        test: 'npm run jshint',
45 silly install resolved        jshint: 'node node_modules/jshint/bin/jshint src' },
45 silly install resolved     bin: { 'ios-deploy': './build/Release/ios-deploy' },
45 silly install resolved     repository:
45 silly install resolved      { type: 'git',
45 silly install resolved        url: 'git+https://github.com/phonegap/ios-deploy.git' },
45 silly install resolved     devDependencies: { jshint: '2.5.8' },
45 silly install resolved     keywords: [ 'ios-deploy', 'deploy to iOS device' ],
45 silly install resolved     bugs: { url: 'https://github.com/phonegap/ios-deploy/issues' },
45 silly install resolved     author: { name: 'Greg Hughes' },
45 silly install resolved     license: 'GPLv3',
45 silly install resolved     gitHead: '551cdc58046ab51b8cc0505c01faa1722be04982',
45 silly install resolved     homepage: 'https://github.com/phonegap/ios-deploy#readme',
45 silly install resolved     _id: 'ios-deploy@1.8.3',
45 silly install resolved     _shasum: 'a796354132a65d2f57df1075d64b2d2365c857e4',
45 silly install resolved     _from: 'ios-deploy@*',
45 silly install resolved     _npmVersion: '2.14.7',
45 silly install resolved     _nodeVersion: '4.2.2',
45 silly install resolved     _npmUser: { name: 'shazron', email: 'shazron@gmail.com' },
45 silly install resolved     maintainers: [ [Object], [Object], [Object] ],
45 silly install resolved     dist:
45 silly install resolved      { shasum: 'a796354132a65d2f57df1075d64b2d2365c857e4',
45 silly install resolved        tarball: 'http://registry.npmjs.org/ios-deploy/-/ios-deploy-1.8.3.tgz' },
45 silly install resolved     directories: {},
45 silly install resolved     _resolved: 'https://registry.npmjs.org/ios-deploy/-/ios-deploy-1.8.3.tgz' } ]
46 info install ios-deploy@1.8.3 into /usr/local/lib
47 info installOne ios-deploy@1.8.3
48 verbose installOne of ios-deploy to /usr/local/lib not in flight; installing
49 verbose lock using /Users/trongnguyen/.npm/_locks/ios-deploy-198957223cd98201.lock for /usr/local/lib/node_modules/ios-deploy
50 silly install write writing ios-deploy 1.8.3 to /usr/local/lib/node_modules/ios-deploy
51 verbose unbuild lib/node_modules/ios-deploy
52 silly gentlyRm /usr/local/lib/node_modules/ios-deploy is being purged from base /usr/local
53 verbose gentlyRm don't care about contents; nuking /usr/local/lib/node_modules/ios-deploy
54 verbose tar unpack /Users/trongnguyen/.npm/ios-deploy/1.8.3/package.tgz
55 verbose tar unpacking to /usr/local/lib/node_modules/ios-deploy
56 silly gentlyRm /usr/local/lib/node_modules/ios-deploy is being purged
57 verbose gentlyRm don't care about contents; nuking /usr/local/lib/node_modules/ios-deploy
58 silly gunzTarPerm modes [ '755', '644' ]
59 silly gunzTarPerm extractEntry package.json
60 silly gunzTarPerm extractEntry .npmignore
61 silly gunzTarPerm extractEntry README.md
62 silly gunzTarPerm extractEntry LICENSE
63 silly gunzTarPerm extractEntry CONTRIBUTING.md
64 silly gunzTarPerm extractEntry demo/.npmignore
65 silly gunzTarPerm extractEntry demo/Entitlements.plist
66 silly gunzTarPerm extractEntry demo/Info.plist
67 silly gunzTarPerm extractEntry demo/Makefile
68 silly gunzTarPerm extractEntry demo/ResourceRules.plist
69 silly gunzTarPerm extractEntry demo/demo.c
70 silly gunzTarPerm extractEntry ios-deploy.xcodeproj/project.pbxproj
71 silly gunzTarPerm extractEntry src/check_reqs.js
72 silly gunzTarPerm extractEntry src/MobileDevice.h
73 silly gunzTarPerm extractEntry src/errors.h
74 silly gunzTarPerm extractEntry src/ios-deploy.c
75 verbose write writing to /usr/local/lib/node_modules/ios-deploy/package.json
76 info preinstall ios-deploy@1.8.3
77 verbose unsafe-perm in lifecycle false
78 info ios-deploy@1.8.3 Failed to exec preinstall script
79 verbose unlock done using /Users/trongnguyen/.npm/_locks/ios-deploy-198957223cd98201.lock for /usr/local/lib/node_modules/ios-deploy
80 verbose stack Error: ios-deploy@1.8.3 preinstall: `./src/check_reqs.js && xcodebuild`
80 verbose stack Exit status 134
80 verbose stack     at EventEmitter.<anonymous> (/usr/local/lib/node_modules/npm/lib/utils/lifecycle.js:214:16)
80 verbose stack     at emitTwo (events.js:87:13)
80 verbose stack     at EventEmitter.emit (events.js:172:7)
80 verbose stack     at ChildProcess.<anonymous> (/usr/local/lib/node_modules/npm/lib/utils/spawn.js:24:14)
80 verbose stack     at emitTwo (events.js:87:13)
80 verbose stack     at ChildProcess.emit (events.js:172:7)
80 verbose stack     at maybeClose (internal/child_process.js:817:16)
80 verbose stack     at Process.ChildProcess._handle.onexit (internal/child_process.js:211:5)
81 verbose pkgid ios-deploy@1.8.3
82 verbose cwd /Applications/MAMP/htdocs/apps/Zkids
83 error Darwin 15.2.0
84 error argv "/usr/local/bin/node" "/usr/local/bin/npm" "install" "-g" "ios-deploy"
85 error node v4.1.0
86 error npm  v2.14.3
87 error code ELIFECYCLE
88 error ios-deploy@1.8.3 preinstall: `./src/check_reqs.js && xcodebuild`
88 error Exit status 134
89 error Failed at the ios-deploy@1.8.3 preinstall script './src/check_reqs.js && xcodebuild'.
89 error This is most likely a problem with the ios-deploy package,
89 error not with npm itself.
89 error Tell the author that this fails on your system:
89 error     ./src/check_reqs.js && xcodebuild
89 error You can get their info via:
89 error     npm owner ls ios-deploy
89 error There is likely additional logging output above.
90 verbose exit [ 1, true ]
91 verbose unbuild lib/node_modules/ios-deploy
92 info preuninstall ios-deploy@1.8.3
93 info uninstall ios-deploy@1.8.3
94 verbose unbuild rmStuff ios-deploy@1.8.3 from /usr/local/lib/node_modules
95 silly gentlyRm /usr/local/bin/ios-deploy is being gently removed
96 silly gentlyRm verifying /usr/local is an npm working directory
97 silly gentlyRm containing path /usr/local is under npm's control, in /usr/local
98 silly gentlyRm deletion target /usr/local/bin/ios-deploy is under /usr/local
99 verbose gentlyRm vacuuming from /usr/local/bin/ios-deploy up to /usr/local
100 info postuninstall ios-deploy@1.8.3
101 silly gentlyRm /usr/local/lib/node_modules/ios-deploy is being purged from base /usr/local
102 verbose gentlyRm don't care about contents; nuking /usr/local/lib/node_modules/ios-deploy
103 silly vacuum-fs purging /usr/local/lib/node_modules/ios-deploy
104 silly vacuum-fs quitting because other entries in /usr/local/lib/node_modules
